生成启动时间为 2009/2/11 15:06:09。
     1>项目“E:\201311057581109\201311057581109\201311057581109.vcxproj”在节点 2 上(build 个目标)。
     1>InitializeBuildStatus:
         正在创建“Debug\201311057581109.unsuccessfulbuild”，因为已指定“AlwaysCreate”。
       ClCompile:
         C:\Program Files\Microsoft Visual Studio 10.0\VC\bin\CL.exe /c /ZI /nologo /W3 /WX- /Od /Oy- /D WIN32 /D _DEBUG /D _CONSOLE /D _UNICODE /D UNICODE /Gm /EHsc /RTC1 /MDd /GS /fp:precise /Zc:wchar_t /Zc:forScope /Fo"Debug\\" /Fd"Debug\vc100.pdb" /Gd /TP /analyze- /errorReport:prompt 1109.cpp
         正在跳过...(未检测到相关更改)
         1109.cpp
       ManifestResourceCompile:
         所有输出均为最新。
       Link:
         C:\Program Files\Microsoft Visual Studio 10.0\VC\bin\link.exe /ERRORREPORT:PROMPT /OUT:"E:\201311057581109\Debug\201311057581109.exe" /INCREMENTAL /NOLOGO opencv_calib3d240d.lib opencv_contrib240d.lib opencv_core240d.lib opencv_features2d240d.lib opencv_flann240d.lib opencv_gpu240d.lib opencv_highgui240d.lib opencv_imgproc240d.lib opencv_legacy240d.lib opencv_ml240d.lib opencv_objdetect240d.lib opencv_ts240d.lib opencv_video240d.lib kernel32.lib user32.lib gdi32.lib winspool.lib comdlg32.lib advapi32.lib shell32.lib ole32.lib oleaut32.lib uuid.lib odbc32.lib odbccp32.lib /MANIFEST /ManifestFile:"Debug\201311057581109.exe.intermediate.manifest" /MANIFESTUAC:"level='asInvoker' uiAccess='false'" /DEBUG /PDB:"E:\201311057581109\Debug\201311057581109.pdb" /SUBSYSTEM:CONSOLE /TLBID:1 /DYNAMICBASE /NXCOMPAT /IMPLIB:"E:\201311057581109\Debug\201311057581109.lib" /MACHINE:X86 Debug\201311057581109.exe.embed.manifest.res
         Debug\1109.obj
       Manifest:
         C:\Program Files\Microsoft SDKs\Windows\v7.0A\bin\mt.exe /nologo /verbose /out:"Debug\201311057581109.exe.embed.manifest" /manifest Debug\201311057581109.exe.intermediate.manifest
         所有输出均为最新。
       LinkEmbedManifest:
         C:\Program Files\Microsoft Visual Studio 10.0\VC\bin\link.exe /ERRORREPORT:PROMPT /OUT:"E:\201311057581109\Debug\201311057581109.exe" /INCREMENTAL /NOLOGO opencv_calib3d240d.lib opencv_contrib240d.lib opencv_core240d.lib opencv_features2d240d.lib opencv_flann240d.lib opencv_gpu240d.lib opencv_highgui240d.lib opencv_imgproc240d.lib opencv_legacy240d.lib opencv_ml240d.lib opencv_objdetect240d.lib opencv_ts240d.lib opencv_video240d.lib kernel32.lib user32.lib gdi32.lib winspool.lib comdlg32.lib advapi32.lib shell32.lib ole32.lib oleaut32.lib uuid.lib odbc32.lib odbccp32.lib /MANIFEST /ManifestFile:"Debug\201311057581109.exe.intermediate.manifest" /MANIFESTUAC:"level='asInvoker' uiAccess='false'" /DEBUG /PDB:"E:\201311057581109\Debug\201311057581109.pdb" /SUBSYSTEM:CONSOLE /TLBID:1 /DYNAMICBASE /NXCOMPAT /IMPLIB:"E:\201311057581109\Debug\201311057581109.lib" /MACHINE:X86 Debug\201311057581109.exe.embed.manifest.res
         Debug\1109.obj
         201311057581109.vcxproj -> E:\201311057581109\Debug\201311057581109.exe
       FinalizeBuildStatus:
         正在删除文件“Debug\201311057581109.unsuccessfulbuild”。
         正在对“Debug\201311057581109.lastbuildstate”执行 Touch 任务。
     1>已完成生成项目“E:\201311057581109\201311057581109\201311057581109.vcxproj”(build 个目标)的操作。

生成成功。

已用时间 00:00:00.62
